476841 237530 449
79588 386397 443
352685 52590 443
268160 325532 407
259642 941638 525
964173 253562 525
406860 688484 509
136043 163188 383
283684 222977 443
493008 299076 449
602673 818436 509
824313 888560 525
317386 275104 389
359035 822509 509
339288 352202 441
268792 844461 525
523409 735830 509
438060 390604 449
112351 544941 470
276071 258322 407
467359 198381 449
959573 485158 525
863237 201117 525
878649 3664 525
615644 462987 470
164665 221929 386
926763 820101 525
258130 286114 407
507251 822960 509
321515 272301 389
934998 464840 525
441480 356235 449
966546 362740 525
327381 914739 525
227690 569861 470
148066 850076 525
242597 146059 443
873838 393255 525
976175 822100 525
20060 198252 383
567198 486530 470
538947 719840 509
53008 542664 470
983137 906208 507
669616 704321 442
226735 778716 509
106135 454444 449
262671 727715 509
424655 247688 449
757025 929542 525
114098 456584 449
548534 717036 509
201585 260020 443
650396 243570 509
241456 513756 470
241624 554812 470
883343 360696 525
557170 356381 470
532356 167777 470
384554 722079 509
752036 960230 525
16840 498863 449
769856 401868 509
59921 493544 449
405740 919014 525
758038 614202 509
441499 952140 525
239846 450551 449
548326 541947 452
589923 727482 509
762475 40265 509
508786 885364 525
317522 903875 525
710028 67668 509
51243 549797 470
270706 773458 509
459635 961653 525
57341 498329 449
755574 80636 509
609619 197839 470
958734 294306 525
4278 206018 383
508041 740709 509
190006 480752 449
323945 149686 443
382535 155251 443
258308 106928 443
548589 112839 470
69772 852213 525
589587 885433 525
472041 359207 449
793084 738863 468
283522 140544 443
317776 164622 443
537435 645391 509
128280 621771 470
882969 651216 525
312389 937682 525
644384 839334 525
936811 730956 525
